Start testing: Oct 08 20:39 CEST
----------------------------------------------------------
1/1 Testing: AllTestsAllocator
1/1 Test: AllTestsAllocator
Command: "/home/alexandre/documents/cours/2A/SEPC/sepc_tp1/build/alloctest"
Directory: /home/alexandre/documents/cours/2A/SEPC/sepc_tp1/build
"AllTestsAllocator" start time: Oct 08 20:39 CEST
Output:
----------------------------------------------------------
[==========] Running 13 tests from 3 test cases.
[----------] Global test environment set-up.
[----------] 3 tests from Variantes
[ RUN      ] Variantes.bf
[       OK ] Variantes.bf (0 ms)
[ RUN      ] Variantes.cff
[       OK ] Variantes.cff (0 ms)
[ RUN      ] Variantes.buddy
[       OK ] Variantes.buddy (1 ms)
[----------] 3 tests from Variantes (1 ms total)

[----------] 3 tests from Init
[ RUN      ] Init.noinit
[       OK ] Init.noinit (0 ms)
[ RUN      ] Init.initdestroy
[       OK ] Init.initdestroy (0 ms)
[ RUN      ] Init.oneallocloop
[       OK ] Init.oneallocloop (4 ms)
[----------] 3 tests from Init (4 ms total)

[----------] 7 tests from BaseMemTest
[ RUN      ] BaseMemTest.allocnone
[       OK ] BaseMemTest.allocnone (0 ms)
[ RUN      ] BaseMemTest.allocall
[       OK ] BaseMemTest.allocall (1 ms)
[ RUN      ] BaseMemTest.boundaries
[       OK ] BaseMemTest.boundaries (0 ms)
[ RUN      ] BaseMemTest.intervals
[       OK ] BaseMemTest.intervals (1 ms)
[ RUN      ] BaseMemTest.bouclefreepairimpair
[       OK ] BaseMemTest.bouclefreepairimpair (1 ms)
[ RUN      ] BaseMemTest.petitetaille
[       OK ] BaseMemTest.petitetaille (1 ms)
[ RUN      ] BaseMemTest.aleatoire
/home/alexandre/documents/cours/2A/SEPC/sepc_tp1/tests/test_generic.cc:179: Failure
Expected: (m1) != ((void *)0), actual: NULL vs NULL
[  FAILED  ] BaseMemTest.aleatoire (1 ms)
[----------] 7 tests from BaseMemTest (7 ms total)

[----------] Global test environment tear-down
[==========] 13 tests from 3 test cases ran. (12 ms total)
[  PASSED  ] 12 tests.
[  FAILED  ] 1 test, listed below:
[  FAILED  ] BaseMemTest.aleatoire

 1 FAILED TEST
<end of output>
Test time =   0.02 sec
----------------------------------------------------------
Test Failed.
"AllTestsAllocator" end time: Oct 08 20:39 CEST
"AllTestsAllocator" time elapsed: 00:00:00
----------------------------------------------------------

End testing: Oct 08 20:39 CEST
