Start testing: Oct 12 12:08 CEST
----------------------------------------------------------
1/1 Testing: AllTestsAllocator
1/1 Test: AllTestsAllocator
Command: "/home/alexandre/documents/cours/2A/SEPC/sepc_tp1/build/alloctest"
Directory: /home/alexandre/documents/cours/2A/SEPC/sepc_tp1/build
"AllTestsAllocator" start time: Oct 12 12:08 CEST
Output:
----------------------------------------------------------
[==========] Running 13 tests from 3 test cases.
[----------] Global test environment set-up.
[----------] 3 tests from Variantes
[ RUN      ] Variantes.bf
[       OK ] Variantes.bf (0 ms)
[ RUN      ] Variantes.cff
[       OK ] Variantes.cff (0 ms)
[ RUN      ] Variantes.buddy
[       OK ] Variantes.buddy (2 ms)
[----------] 3 tests from Variantes (3 ms total)

[----------] 3 tests from Init
[ RUN      ] Init.noinit
[       OK ] Init.noinit (0 ms)
[ RUN      ] Init.initdestroy
[       OK ] Init.initdestroy (0 ms)
[ RUN      ] Init.oneallocloop
[       OK ] Init.oneallocloop (3 ms)
[----------] 3 tests from Init (3 ms total)

[----------] 7 tests from BaseMemTest
[ RUN      ] BaseMemTest.allocnone
[       OK ] BaseMemTest.allocnone (0 ms)
[ RUN      ] BaseMemTest.allocall
[       OK ] BaseMemTest.allocall (1 ms)
[ RUN      ] BaseMemTest.boundaries
[       OK ] BaseMemTest.boundaries (0 ms)
[ RUN      ] BaseMemTest.intervals
[       OK ] BaseMemTest.intervals (10 ms)
[ RUN      ] BaseMemTest.bouclefreepairimpair
[       OK ] BaseMemTest.bouclefreepairimpair (1 ms)
[ RUN      ] BaseMemTest.petitetaille
[       OK ] BaseMemTest.petitetaille (1 ms)
[ RUN      ] BaseMemTest.aleatoire
[       OK ] BaseMemTest.aleatoire (7 ms)
[----------] 7 tests from BaseMemTest (21 ms total)

[----------] Global test environment tear-down
[==========] 13 tests from 3 test cases ran. (28 ms total)
[  PASSED  ] 13 tests.
<end of output>
Test time =   0.03 sec
----------------------------------------------------------
Test Passed.
"AllTestsAllocator" end time: Oct 12 12:08 CEST
"AllTestsAllocator" time elapsed: 00:00:00
----------------------------------------------------------

End testing: Oct 12 12:08 CEST
